[backblue.gif]
[fade.gif]
[index.html]
[2015.springfest.in/favicon.ico]
[2015.springfest.in/js/jquery.js]
[2015.springfest.in/js/awesome.js]
[2015.springfest.in/js/modernizr.custom.js]
[www.google-analytics.com/analytics.js]
[connect.facebook.net/en_US/sdk.js]
[2015.springfest.in/img/logo/iit.png]
[2015.springfest.in/img/logo/logo.png]
[2015.springfest.in/img/gallery/1.jpg]
[2015.springfest.in/img/gallery/2.jpg]
[2015.springfest.in/img/gallery/3.jpg]
[2015.springfest.in/img/gallery/4.jpg]
[2015.springfest.in/img/gallery/5.jpg]
[2015.springfest.in/img/gallery/6.jpg]
[2015.springfest.in/img/gallery/7.jpg]
[2015.springfest.in/img/gallery/8.jpg]
[2015.springfest.in/img/gallery/9.jpg]
[2015.springfest.in/img/gallery/10.jpg]
[2015.springfest.in/img/gallery/11.jpg]
[2015.springfest.in/img/gallery/12.jpg]
[2015.springfest.in/img/gallery/13.jpg]
[2015.springfest.in/img/gallery/14.jpg]
[2015.springfest.in/img/gallery/15.jpg]
[2015.springfest.in/img/gallery/16.jpg]
[2015.springfest.in/img/gallery/17.jpg]
[2015.springfest.in/img/gallery/18.jpg]
[2015.springfest.in/img/gallery/19.jpg]
[2015.springfest.in/img/gallery/20.jpg]
[2015.springfest.in/img/gallery/21.jpg]
[2015.springfest.in/img/gallery/22.jpg]
[2015.springfest.in/Profile_SpringFest.pdf]
[2015.springfest.in/js/sponsors.js]
[2015.springfest.in/js/classie.js]
[2015.springfest.in/js/tiltSlider.js]
[2015.springfest.in/index.html]
[2015.springfest.in/img/background/home.jpg]
[2015.springfest.in/img/background/aboutus.jpg]
[2015.springfest.in/img/background/archives.jpg]
[2015.springfest.in/img/background/sponsers.jpg]
[2015.springfest.in/img/background/contacts.jpg]
[2015.springfest.in/img/logo/social.png]
[2015.springfest.in/myriad_semi.otf]
[2015.springfest.in/img/heads.png]
[2015.springfest.in/intial.css]
[2015.springfest.in/css/animations.css]
[2015.springfest.in/css/component.css]
[connect.facebook.net/en_US/sdk.js]
[2015.springfest.in/www.facebook.com/sanket.sahu.html]
[2015.springfest.in/COPRGTL.html]
[2015.springfest.in/ABCDEFGHIJKLMNOPQRSTUVWXYZabcdefghijklmnopqrstuvwxyz0123456789+/index.html]
[2015.springfest.in/restserver.html]
[2015.springfest.in/dialog/index.html]
[2015.springfest.in/%s/profile4d6d.html]
