[backblue.gif]
[fade.gif]
[index.html]
[www.nguma.com/assets/application-4bcb0d6fa2954756073288b58f4cbccb.js]
[www.google-analytics.com/analytics.js]
[www.nguma.com/index.html]
[www.nguma.com/assets/jquery-ui/ui-bg_flat_75_ffffff_40x100-3c4b974defa5e8bdaf8a603034c4435e.png]
[www.nguma.com/assets/jquery-ui/ui-bg_highlight-soft_75_cccccc_1x100-cec5c56503b8480f834c3fce35dae8df.png]
[www.nguma.com/assets/jquery-ui/ui-bg_glass_75_e6e6e6_1x400-48d8d545f708e5870a965ce9df8b0e38.png]
[www.nguma.com/assets/jquery-ui/ui-bg_glass_75_dadada_1x400-d618461418b1ebc6b7996979f4c3dc92.png]
[www.nguma.com/assets/jquery-ui/ui-bg_glass_65_ffffff_1x400-ddb7ee7527bff283054406c50e597e1e.png]
[www.nguma.com/assets/jquery-ui/ui-bg_glass_55_fbf9ee_1x400-38c2dea4d046fd3f56cc3996e2e6018b.png]
[www.nguma.com/assets/jquery-ui/ui-bg_glass_95_fef1ec_1x400-f3526b8f82249928f0a6baf044204b15.png]
[www.nguma.com/assets/jquery-ui/ui-icons_222222_256x240-b1eb177a51ea7925448318a26d988842.png]
[www.nguma.com/assets/jquery-ui/ui-icons_888888_256x240-8040cfcc88792375b7788feb59189eef.png]
[www.nguma.com/assets/jquery-ui/ui-icons_454545_256x240-68b2fe3268f7604fb0767a0372e2db85.png]
[www.nguma.com/assets/jquery-ui/ui-icons_2e83ff_256x240-49c2da9cac2dc565265586f716491298.png]
[www.nguma.com/assets/jquery-ui/ui-icons_cd0a0a_256x240-d4a62216bf6f0cd0071149890763a5ff.png]
[www.nguma.com/assets/jquery-ui/ui-bg_flat_0_aaaaaa_40x100-7d1197a52442bc56fcad60d0390f4b32.png]
[www.nguma.com/assets/jquery-ui/animated-overlay-602eee4c79a4796b02bb6442948c9e28.gif]
[www.nguma.com/assets/application-7a84019c72e5e7bbfee69a792dedba90.css]
[www.nguma.com/play.html]
[www.nguma.com/img/glyphicons-halflings.html]
[www.nguma.com/img/glyphicons-halflings-white.html]
